<?xml version="1.0" encoding="UTF-8" ?>
<testsuite failures="1" time="3.685" errors="0" skipped="7" tests="8" name="com.siyanda.atmWeb.test.repository.AtmCustomerRepositoryTest">
  <properties>
[...]
</properties>
  <testcase time="0" classname="com.siyanda.atmWeb.test.repository.AtmCustomerRepositoryTest" name="setUpClass">
    <failure message="Error creating bean with name &apos;entityManagerFactory&apos; defined in class com.siyanda.atmweb.app.conf.ConnectionConfig: Invocation of init method failed; nested exception is javax.persistence.PersistenceException: [PersistenceUnit: default] Unable to build Hibernate SessionFactory" type="org.springframework.beans.factory.BeanCreationException">org.springframework.beans.factory.BeanCreationException: Error creating bean with name &apos;entityManagerFactory&apos; defined in class com.siyanda.atmweb.app.conf.ConnectionConfig: Invocation of init method failed; nested exception is javax.persistence.PersistenceException: [PersistenceUnit: default] Unable to build Hibernate SessionFactory
	at org.springframework.beans.factory.support.AbstractAutowireCapableBeanFactory.initializeBean(AbstractAutowireCapableBeanFactory.java:1553)
	at org.springframework.beans.factory.support.AbstractAutowireCapableBeanFactory.doCreateBean(AbstractAutowireCapableBeanFactory.java:539)
	at org.springframework.beans.factory.support.AbstractAutowireCapableBeanFactory.createBean(AbstractAutowireCapableBeanFactory.java:475)
	at org.springframework.beans.factory.support.AbstractBeanFactory$1.getObject(AbstractBeanFactory.java:304)
	at org.springframework.beans.factory.support.DefaultSingletonBeanRegistry.getSingleton(DefaultSingletonBeanRegistry.java:228)
	at org.springframework.beans.factory.support.AbstractBeanFactory.doGetBean(AbstractBeanFactory.java:300)
	at org.springframework.beans.factory.support.AbstractBeanFactory.getBean(AbstractBeanFactory.java:195)
	at org.springframework.context.support.AbstractApplicationContext.getBean(AbstractApplicationContext.java:973)
	at org.springframework.context.support.AbstractApplicationContext.finishBeanFactoryInitialization(AbstractApplicationContext.java:750)
	at org.springframework.context.support.AbstractApplicationContext.refresh(AbstractApplicationContext.java:482)
	at org.springframework.context.annotation.AnnotationConfigApplicationContext.&lt;init&gt;(AnnotationConfigApplicationContext.java:84)
	at com.siyanda.atmWeb.test.repository.AtmCustomerRepositoryTest.setUpClass(AtmCustomerRepositoryTest.java:94)
Caused by: javax.persistence.PersistenceException: [PersistenceUnit: default] Unable to build Hibernate SessionFactory
	at org.hibernate.jpa.boot.internal.EntityManagerFactoryBuilderImpl.persistenceException(EntityManagerFactoryBuilderImpl.java:1225)
	at org.hibernate.jpa.boot.internal.EntityManagerFactoryBuilderImpl.access$600(EntityManagerFactoryBuilderImpl.java:119)
	at org.hibernate.jpa.boot.internal.EntityManagerFactoryBuilderImpl$4.perform(EntityManagerFactoryBuilderImpl.java:853)
	at org.hibernate.jpa.boot.internal.EntityManagerFactoryBuilderImpl$4.perform(EntityManagerFactoryBuilderImpl.java:843)
	at org.hibernate.boot.registry.classloading.internal.ClassLoaderServiceImpl.withTccl(ClassLoaderServiceImpl.java:397)
	at org.hibernate.jpa.boot.internal.EntityManagerFactoryBuilderImpl.build(EntityManagerFactoryBuilderImpl.java:842)
	at org.hibernate.jpa.HibernatePersistenceProvider.createContainerEntityManagerFactory(HibernatePersistenceProvider.java:152)
	at org.springframework.orm.jpa.LocalContainerEntityManagerFactoryBean.createNativeEntityManagerFactory(LocalContainerEntityManagerFactoryBean.java:336)
	at org.springframework.orm.jpa.AbstractEntityManagerFactoryBean.afterPropertiesSet(AbstractEntityManagerFactoryBean.java:318)
	at org.springframework.beans.factory.support.AbstractAutowireCapableBeanFactory.invokeInitMethods(AbstractAutowireCapableBeanFactory.java:1612)
	at org.springframework.beans.factory.support.AbstractAutowireCapableBeanFactory.initializeBean(AbstractAutowireCapableBeanFactory.java:1549)
	... 44 more
Caused by: org.hibernate.MappingException: Repeated column in mapping for entity: com.siyanda.atmweb.domain.AtmCustomer column: id (should be mapped with insert=&quot;false&quot; update=&quot;false&quot;)
	at org.hibernate.mapping.PersistentClass.checkColumnDuplication(PersistentClass.java:709)
	at org.hibernate.mapping.PersistentClass.checkPropertyColumnDuplication(PersistentClass.java:731)
	at org.hibernate.mapping.PersistentClass.checkPropertyColumnDuplication(PersistentClass.java:727)
	at org.hibernate.mapping.PersistentClass.checkColumnDuplication(PersistentClass.java:753)
	at org.hibernate.mapping.PersistentClass.validate(PersistentClass.java:506)
	at org.hibernate.mapping.RootClass.validate(RootClass.java:270)
	at org.hibernate.cfg.Configuration.validate(Configuration.java:1358)
	at org.hibernate.cfg.Configuration.buildSessionFactory(Configuration.java:1849)
	at org.hibernate.jpa.boot.internal.EntityManagerFactoryBuilderImpl$4.perform(EntityManagerFactoryBuilderImpl.java:850)
	... 52 more
</failure>
    <system-err>log4j:WARN No appenders could be found for logger (org.springframework.core.env.StandardEnvironment).
log4j:WARN Please initialize the log4j system properly.
</system-err>
  </testcase>
  <testcase time="0.007" classname="com.siyanda.atmWeb.test.repository.AtmCustomerRepositoryTest" name="setUpMethod">
    <skipped/>
  </testcase>
  <testcase time="0.001" classname="com.siyanda.atmWeb.test.repository.AtmCustomerRepositoryTest" name="createAtmCustomer">
    <skipped/>
  </testcase>
  <testcase time="0.003" classname="com.siyanda.atmWeb.test.repository.AtmCustomerRepositoryTest" name="tearDownMethod">
    <skipped/>
  </testcase>
  <testcase time="0.006" classname="com.siyanda.atmWeb.test.repository.AtmCustomerRepositoryTest" name="readAtmCustomer">
    <skipped/>
  </testcase>
  <testcase time="0.007" classname="com.siyanda.atmWeb.test.repository.AtmCustomerRepositoryTest" name="updateAtmCustomer">
    <skipped/>
  </testcase>
  <testcase time="0.008" classname="com.siyanda.atmWeb.test.repository.AtmCustomerRepositoryTest" name="deleteAtmCustomer">
    <skipped/>
  </testcase>
  <testcase time="0.009" classname="com.siyanda.atmWeb.test.repository.AtmCustomerRepositoryTest" name="tearDownClass">
    <skipped/>
  </testcase>
</testsuite>